<?xml version="1.0" encoding="UTF-8"?>
<!-- Generated by org.testng.reporters.JUnitReportReporter -->
<testsuite hostname="DESKTOP-4QU1JG4" failures="0" tests="1" name="TestRunner.RunnerTestClass" time="15.636" errors="0" timestamp="2024-07-21T16:42:30 IST" skipped="0">
  <testcase classname="TestRunner.RunnerTestClass" name="runScenario" time="15.636"/>
  <system-out/>
</testsuite> <!-- TestRunner.RunnerTestClass -->
