<?xml version="1.0" encoding="UTF-8"?>
<!-- Generated by org.testng.reporters.JUnitReportReporter -->
<testsuite hostname="DESKTOP-36E45VO" failures="0" tests="1" name="TestRunner.RunnerTestClass" time="10.951" errors="0" timestamp="2024-07-01T16:48:00 IST" skipped="0">
  <testcase classname="TestRunner.RunnerTestClass" name="runScenario" time="10.951"/>
  <system-out/>
</testsuite> <!-- TestRunner.RunnerTestClass -->
